{
  "RSpec": {
    "coverage": {
      "/Users/ipbianco/Projects/Makers/weekend_challenges/chitter_challenge/spec/features/check_spec.rb": [
        1,
        null,
        1,
        1,
        1,
        1,
        null,
        null,
        1,
        1,
        null,
        null,
        null,
        null,
        null,
        null,
        null
      ],
      "/Users/ipbianco/Projects/Makers/weekend_challenges/chitter_challenge/spec/features/post_spec.rb": [
        1,
        1,
        1,
        1,
        1,
        2,
        1,
        null,
        null
      ],
      "/Users/ipbianco/Projects/Makers/weekend_challenges/chitter_challenge/spec/features/sign_in_spec.rb": [
        1,
        1,
        1,
        null,
        null,
        null,
        null,
        null,
        null,
        1,
        1,
        null,
        null
      ],
      "/Users/ipbianco/Projects/Makers/weekend_challenges/chitter_challenge/spec/features/sign_out_spec.rb": [
        1,
        1,
        1,
        null,
        null,
        null,
        null,
        1,
        1,
        1,
        0,
        null,
        null
      ],
      "/Users/ipbianco/Projects/Makers/weekend_challenges/chitter_challenge/spec/features/sign_up_spec.rb": [
        1,
        1,
        2,
        1,
        1,
        null,
        null,
        1,
        1,
        1,
        null,
        null,
        null,
        null,
        1,
        1,
        1,
        1,
        null,
        null,
        1,
        2,
        1,
        null,
        null,
        1,
        2,
        1,
        null,
        null,
        1,
        1,
        2,
        1,
        null,
        null
      ],
      "/Users/ipbianco/Projects/Makers/weekend_challenges/chitter_challenge/spec/models/user_spec.rb": [
        1,
        1,
        2,
        null,
        null,
        null,
        null,
        null,
        null,
        1,
        1,
        1,
        1,
        null,
        null,
        1,
        1,
        null,
        null,
        null
      ]
    },
    "timestamp": 1511040083
  }
}
