{
  "RSpec": {
    "coverage": {
      "/Users/ipbianco/Projects/Makers/weekend_challenges/chitter_challenge/spec/features/sign_up_spec.rb": [
        1,
        null,
        1,
        1,
        2,
        1,
        1,
        null,
        null,
        1,
        1,
        1,
        null,
        null,
        null,
        null,
        1,
        1,
        1,
        1,
        null,
        null,
        1,
        2,
        null,
        null,
        1,
        2,
        null,
        null
      ],
      "/Users/ipbianco/Projects/Makers/weekend_challenges/chitter_challenge/spec/web_helper.rb": [
        1,
        5,
        5,
        5,
        5,
        5,
        5,
        5,
        5,
        null
      ]
    },
    "timestamp": 1511011691
  }
}
